# JRE version: Java(TM) SE Runtime Environment (14.0.2+12) (build 14.0.2+12-46)
# Java VM: Java HotSpot(TM) 64-Bit Server VM (14.0.2+12-46, mixed mode, sharing, tiered, compressed oops, g1 gc, windows-amd64)
Heap:
 garbage-first heap   total 262144K, used 89769K [0x00000000e0000000, 0x0000000100000000)
  region size 1024K, 39 young (39936K), 19 survivors (19456K)
 Metaspace       used 80253K, capacity 82660K, committed 82892K, reserved 327680K
  class space    used 10852K, capacity 11706K, committed 11724K, reserved 253952K
GC Heap History (20 events):
Event: 11.669 GC heap before
{Heap before GC invocations=2 (full 0):
 garbage-first heap   total 262144K, used 165684K [0x00000000e0000000, 0x0000000100000000)
  region size 1024K, 153 young (156672K), 1 survivors (1024K)
 Metaspace       used 20464K, capacity 21080K, committed 21248K, reserved 272384K
  class space    used 3050K, capacity 3265K, committed 3328K, reserved 253952K
}
Event: 11.682 GC heap after
{Heap after GC invocations=3 (full 0):
 garbage-first heap   total 262144K, used 19539K [0x00000000e0000000, 0x0000000100000000)
  region size 1024K, 10 young (10240K), 10 survivors (10240K)
 Metaspace       used 20464K, capacity 21080K, committed 21248K, reserved 272384K
  class space    used 3050K, capacity 3265K, committed 3328K, reserved 253952K
}
Event: 11.718 GC heap before
{Heap before GC invocations=3 (full 0):
 garbage-first heap   total 262144K, used 20563K [0x00000000e0000000, 0x0000000100000000)
  region size 1024K, 12 young (12288K), 10 survivors (10240K)
 Metaspace       used 20569K, capacity 21204K, committed 21248K, reserved 272384K
  class space    used 3067K, capacity 3309K, committed 3328K, reserved 253952K
}
Event: 11.727 GC heap after
{Heap after GC invocations=4 (full 0):
 garbage-first heap   total 262144K, used 20554K [0x00000000e0000000, 0x0000000100000000)
  region size 1024K, 11 young (11264K), 11 survivors (11264K)
 Metaspace       used 20569K, capacity 21204K, committed 21248K, reserved 272384K
  class space    used 3067K, capacity 3309K, committed 3328K, reserved 253952K
}
Event: 4707.446 GC heap before
{Heap before GC invocations=5 (full 0):
 garbage-first heap   total 262144K, used 164938K [0x00000000e0000000, 0x0000000100000000)
  region size 1024K, 153 young (156672K), 11 survivors (11264K)
 Metaspace       used 29966K, capacity 30862K, committed 30976K, reserved 282624K
  class space    used 4168K, capacity 4515K, committed 4608K, reserved 253952K
}
Event: 4707.498 GC heap after
{Heap after GC invocations=6 (full 0):
 garbage-first heap   total 262144K, used 25735K [0x00000000e0000000, 0x0000000100000000)
  region size 1024K, 16 young (16384K), 16 survivors (16384K)
 Metaspace       used 29966K, capacity 30862K, committed 30976K, reserved 282624K
  class space    used 4168K, capacity 4515K, committed 4608K, reserved 253952K
}
Event: 7277.582 GC heap before
{Heap before GC invocations=6 (full 0):
 garbage-first heap   total 262144K, used 107655K [0x00000000e0000000, 0x0000000100000000)
  region size 1024K, 97 young (99328K), 16 survivors (16384K)
 Metaspace       used 34733K, capacity 35684K, committed 35840K, reserved 286720K
  class space    used 4872K, capacity 5270K, committed 5376K, reserved 253952K
}
Event: 7277.646 GC heap after
{Heap after GC invocations=7 (full 0):
 garbage-first heap   total 262144K, used 27042K [0x00000000e0000000, 0x0000000100000000)
  region size 1024K, 8 young (8192K), 8 survivors (8192K)
 Metaspace       used 34733K, capacity 35684K, committed 35840K, reserved 286720K
  class space    used 4872K, capacity 5270K, committed 5376K, reserved 253952K
}
Event: 7322.921 GC heap before
{Heap before GC invocations=8 (full 0):
 garbage-first heap   total 262144K, used 178594K [0x00000000e0000000, 0x0000000100000000)
  region size 1024K, 153 young (156672K), 8 survivors (8192K)
 Metaspace       used 44303K, capacity 45581K, committed 45696K, reserved 294912K
  class space    used 6008K, capacity 6518K, committed 6528K, reserved 253952K
}
Event: 7322.935 GC heap after
{Heap after GC invocations=9 (full 0):
 garbage-first heap   total 262144K, used 33815K [0x00000000e0000000, 0x0000000100000000)
  region size 1024K, 15 young (15360K), 15 survivors (15360K)
 Metaspace       used 44303K, capacity 45581K, committed 45696K, reserved 294912K
  class space    used 6008K, capacity 6518K, committed 6528K, reserved 253952K
}
Event: 7324.879 GC heap before
{Heap before GC invocations=9 (full 0):
 garbage-first heap   total 262144K, used 177175K [0x00000000e0000000, 0x0000000100000000)
  region size 1024K, 153 young (156672K), 15 survivors (15360K)
 Metaspace       used 46752K, capacity 48302K, committed 48384K, reserved 296960K
  class space    used 6293K, capacity 6907K, committed 6912K, reserved 253952K
}
Event: 7324.897 GC heap after
{Heap after GC invocations=10 (full 0):
 garbage-first heap   total 262144K, used 46334K [0x00000000e0000000, 0x0000000100000000)
  region size 1024K, 20 young (20480K), 20 survivors (20480K)
 Metaspace       used 46752K, capacity 48302K, committed 48384K, reserved 296960K
  class space    used 6293K, capacity 6907K, committed 6912K, reserved 253952K
}
Event: 7326.069 GC heap before
{Heap before GC invocations=10 (full 0):
 garbage-first heap   total 262144K, used 182526K [0x00000000e0000000, 0x0000000100000000)
  region size 1024K, 153 young (156672K), 20 survivors (20480K)
 Metaspace       used 48559K, capacity 50273K, committed 50432K, reserved 299008K
  class space    used 6493K, capacity 7138K, committed 7168K, reserved 253952K
}
Event: 7326.084 GC heap after
{Heap after GC invocations=11 (full 0):
 garbage-first heap   total 262144K, used 46987K [0x00000000e0000000, 0x0000000100000000)
  region size 1024K, 11 young (11264K), 11 survivors (11264K)
 Metaspace       used 48559K, capacity 50273K, committed 50432K, reserved 299008K
  class space    used 6493K, capacity 7138K, committed 7168K, reserved 253952K
}
Event: 7327.438 GC heap before
{Heap before GC invocations=11 (full 0):
 garbage-first heap   total 262144K, used 120715K [0x00000000e0000000, 0x0000000100000000)
  region size 1024K, 85 young (87040K), 11 survivors (11264K)
 Metaspace       used 58328K, capacity 60101K, committed 60160K, reserved 307200K
  class space    used 7694K, capacity 8406K, committed 8448K, reserved 253952K
}
Event: 7327.448 GC heap after
{Heap after GC invocations=12 (full 0):
 garbage-first heap   total 262144K, used 51375K [0x00000000e0000000, 0x0000000100000000)
  region size 1024K, 15 young (15360K), 15 survivors (15360K)
 Metaspace       used 58328K, capacity 60101K, committed 60160K, reserved 307200K
  class space    used 7694K, capacity 8406K, committed 8448K, reserved 253952K
}
Event: 7358.803 GC heap before
{Heap before GC invocations=13 (full 0):
 garbage-first heap   total 262144K, used 193711K [0x00000000e0000000, 0x0000000100000000)
  region size 1024K, 153 young (156672K), 15 survivors (15360K)
 Metaspace       used 67323K, capacity 69313K, committed 69452K, reserved 315392K
  class space    used 9028K, capacity 9723K, committed 9804K, reserved 253952K
}
Event: 7358.828 GC heap after
{Heap after GC invocations=14 (full 0):
 garbage-first heap   total 262144K, used 60551K [0x00000000e0000000, 0x0000000100000000)
  region size 1024K, 15 young (15360K), 15 survivors (15360K)
 Metaspace       used 67323K, capacity 69313K, committed 69452K, reserved 315392K
  class space    used 9028K, capacity 9723K, committed 9804K, reserved 253952K
}
Event: 7362.917 GC heap before
{Heap before GC invocations=14 (full 0):
 garbage-first heap   total 262144K, used 201863K [0x00000000e0000000, 0x0000000100000000)
  region size 1024K, 153 young (156672K), 15 survivors (15360K)
 Metaspace       used 78405K, capacity 80671K, committed 80844K, reserved 325632K
  class space    used 10618K, capacity 11432K, committed 11468K, reserved 253952K
}
Event: 7362.985 GC heap after
{Heap after GC invocations=15 (full 0):
 garbage-first heap   total 262144K, used 70313K [0x00000000e0000000, 0x0000000100000000)
  region size 1024K, 19 young (19456K), 19 survivors (19456K)
 Metaspace       used 78405K, capacity 80671K, committed 80844K, reserved 325632K
  class space    used 10618K, capacity 11432K, committed 11468K, reserved 253952K
}

